<?xml version="1.0" encoding="UTF-8"?>
<testsuite xmlns:xsi="http://www.w3.org/2001/XMLSchema-instance" xsi:noNamespaceSchemaLocation="https://maven.apache.org/surefire/maven-surefire-plugin/xsd/surefire-test-report.xsd" name="TestSuite" time="91.732" tests="1" errors="0" skipped="0" failures="1">
  <properties>
    <property name="sun.desktop" value="windows"/>
    <property name="awt.toolkit" value="sun.awt.windows.WToolkit"/>
    <property name="java.specification.version" value="11"/>
    <property name="sun.cpu.isalist" value="amd64"/>
    <property name="sun.jnu.encoding" value="Cp1252"/>
    <property name="java.class.path" value="C:\Users\ViSHAL BHATT\apache-maven-3.8.5\boot\plexus-classworlds-2.6.0.jar"/>
    <property name="java.vm.vendor" value="Oracle Corporation"/>
    <property name="sun.arch.data.model" value="64"/>
    <property name="user.variant" value=""/>
    <property name="java.vendor.url" value="https://openjdk.java.net/"/>
    <property name="user.timezone" value="Asia/Calcutta"/>
    <property name="maven.conf" value="C:\Users\ViSHAL BHATT\apache-maven-3.8.5/conf"/>
    <property name="os.name" value="Windows 11"/>
    <property name="java.vm.specification.version" value="11"/>
    <property name="sun.java.launcher" value="SUN_STANDARD"/>
    <property name="user.country" value="IN"/>
    <property name="sun.boot.library.path" value="C:\Users\ViSHAL BHATT\jdk-11.0.14\bin"/>
    <property name="sun.java.command" value="org.codehaus.plexus.classworlds.launcher.Launcher clean install"/>
    <property name="jdk.debug" value="release"/>
    <property name="maven.home" value="C:\Users\ViSHAL BHATT\apache-maven-3.8.5"/>
    <property name="sun.cpu.endian" value="little"/>
    <property name="user.home" value="C:\Users\ViSHAL BHATT"/>
    <property name="user.language" value="en"/>
    <property name="sun.stderr.encoding" value="cp437"/>
    <property name="java.specification.vendor" value="Oracle Corporation"/>
    <property name="java.version.date" value="2022-01-18"/>
    <property name="java.home" value="C:\Users\ViSHAL BHATT\jdk-11.0.14"/>
    <property name="file.separator" value="\"/>
    <property name="java.vm.compressedOopsMode" value="32-bit"/>
    <property name="line.separator" value="&#10;"/>
    <property name="sun.stdout.encoding" value="cp437"/>
    <property name="java.specification.name" value="Java Platform API Specification"/>
    <property name="java.vm.specification.vendor" value="Oracle Corporation"/>
    <property name="java.awt.graphicsenv" value="sun.awt.Win32GraphicsEnvironment"/>
    <property name="user.script" value=""/>
    <property name="sun.management.compiler" value="HotSpot 64-Bit Tiered Compilers"/>
    <property name="java.runtime.version" value="11.0.14+8-LTS-263"/>
    <property name="user.name" value="ViSHAL BHATT"/>
    <property name="path.separator" value=";"/>
    <property name="os.version" value="10.0"/>
    <property name="java.runtime.name" value="Java(TM) SE Runtime Environment"/>
    <property name="file.encoding" value="Cp1252"/>
    <property name="guice.disable.misplaced.annotation.check" value="true"/>
    <property name="java.vm.name" value="Java HotSpot(TM) 64-Bit Server VM"/>
    <property name="java.vendor.version" value="18.9"/>
    <property name="java.vendor.url.bug" value="https://bugreport.java.com/bugreport/"/>
    <property name="java.io.tmpdir" value="C:\Users\VISHAL~1\AppData\Local\Temp\"/>
    <property name="java.version" value="11.0.14"/>
    <property name="user.dir" value="C:\Users\ViSHAL BHATT\Desktop\Playwright_Demo"/>
    <property name="os.arch" value="amd64"/>
    <property name="maven.multiModuleProjectDirectory" value="C:\Users\ViSHAL BHATT\Desktop\Playwright_Demo"/>
    <property name="java.vm.specification.name" value="Java Virtual Machine Specification"/>
    <property name="java.awt.printerjob" value="sun.awt.windows.WPrinterJob"/>
    <property name="sun.os.patch.level" value=""/>
    <property name="java.library.path" value="C:\Users\ViSHAL BHATT\jdk-11.0.14\bin;C:\WINDOWS\Sun\Java\bin;C:\WINDOWS\system32;C:\WINDOWS;C:\WINDOWS\system32;C:\WINDOWS;C:\WINDOWS\System32\Wbem;C:\WINDOWS\System32\WindowsPowerShell\v1.0\;C:\WINDOWS\System32\OpenSSH\;C:\Users\ViSHAL BHATT\apache-maven-3.8.5\bin;C:\Users\ViSHAL BHATT\jdk-11.0.14\bin;C:\Program Files\Git\cmd;C:\Program Files\nodejs\;C:\Gradle\gradle-7.5.1\bin;C:\Users\ViSHAL BHATT\AppData\Local\Android\Sdk\tools;C:\Users\ViSHAL BHATT\AppData\Local\Android\Sdk\platform-tools;C:\Users\ViSHAL BHATT\AppData\Local\Programs\Python\Python310;;C:\Program Files\Docker\Docker\resources\bin;C:\ProgramData\DockerDesktop\version-bin;C:\Program Files\MySQL\MySQL Shell 8.0\bin\;C:\Users\ViSHAL BHATT\AppData\Local\Microsoft\WindowsApps;C:\Users\ViSHAL BHATT\AppData\Roaming\npm;C:\Users\ViSHAL BHATT\AppData\Local\Programs\Microsoft VS Code\bin;C:\Users\ViSHAL BHATT\AppData\Local\atom\bin;."/>
    <property name="java.vendor" value="Oracle Corporation"/>
    <property name="java.vm.info" value="mixed mode"/>
    <property name="java.vm.version" value="11.0.14+8-LTS-263"/>
    <property name="classworlds.conf" value="C:\Users\ViSHAL BHATT\apache-maven-3.8.5\bin\m2.conf"/>
    <property name="sun.io.unicode.encoding" value="UnicodeLittle"/>
    <property name="library.jansi.path" value="C:\Users\ViSHAL BHATT\apache-maven-3.8.5\lib\jansi-native"/>
    <property name="java.class.version" value="55.0"/>
  </properties>
  <testcase name="login" classname="Tests.loginPage" time="71.233">
    <failure message="Timeout 30000ms exceeded" type="com.microsoft.playwright.TimeoutError">com.microsoft.playwright.TimeoutError: Timeout 30000ms exceeded
	at Tests.loginPage.login(loginPage.java:25)
</failure>
    <system-err><![CDATA[SLF4J: Failed to load class "org.slf4j.impl.StaticLoggerBinder".
SLF4J: Defaulting to no-operation (NOP) logger implementation
SLF4J: See http://www.slf4j.org/codes.html#StaticLoggerBinder for further details.
]]></system-err>
  </testcase>
</testsuite>